  ChessBoard.cpp
  ChessEngine.cpp
C:\.School\.Howest\2DAE\Semester 1\Gameplay Programming\Github\2DAE-GPPChessEngine_Luan\ChessEngine_Luan\Test.h(163,15): warning C4101: 'k': unreferenced local variable
C:\.School\.Howest\2DAE\Semester 1\Gameplay Programming\Github\2DAE-GPPChessEngine_Luan\ChessEngine_Luan\Test.h(163,12): warning C4101: 'j': unreferenced local variable
C:\.School\.Howest\2DAE\Semester 1\Gameplay Programming\Github\2DAE-GPPChessEngine_Luan\ChessEngine_Luan\Test.h(202,15): warning C4101: 'k': unreferenced local variable
C:\.School\.Howest\2DAE\Semester 1\Gameplay Programming\Github\2DAE-GPPChessEngine_Luan\ChessEngine_Luan\Test.h(202,12): warning C4101: 'j': unreferenced local variable
C:\.School\.Howest\2DAE\Semester 1\Gameplay Programming\Github\2DAE-GPPChessEngine_Luan\ChessEngine_Luan\Test.h(215,15): warning C4101: 'k': unreferenced local variable
C:\.School\.Howest\2DAE\Semester 1\Gameplay Programming\Github\2DAE-GPPChessEngine_Luan\ChessEngine_Luan\Test.h(516,67): warning C4554: '<<': check operator precedence for possible error; use parentheses to clarify precedence
C:\.School\.Howest\2DAE\Semester 1\Gameplay Programming\Github\2DAE-GPPChessEngine_Luan\ChessEngine_Luan\Test.h(517,71): warning C4554: '<<': check operator precedence for possible error; use parentheses to clarify precedence
C:\.School\.Howest\2DAE\Semester 1\Gameplay Programming\Github\2DAE-GPPChessEngine_Luan\ChessEngine_Luan\Test.h(374,9): warning C4101: 'savsp': unreferenced local variable
C:\.School\.Howest\2DAE\Semester 1\Gameplay Programming\Github\2DAE-GPPChessEngine_Luan\ChessEngine_Luan\Test.h(374,22): warning C4101: 'new1': unreferenced local variable
C:\.School\.Howest\2DAE\Semester 1\Gameplay Programming\Github\2DAE-GPPChessEngine_Luan\ChessEngine_Luan\Test.h(373,33): warning C4101: 'r': unreferenced local variable
C:\.School\.Howest\2DAE\Semester 1\Gameplay Programming\Github\2DAE-GPPChessEngine_Luan\ChessEngine_Luan\Test.h(890,17): warning C5033: 'register' is no longer a supported storage class
C:\.School\.Howest\2DAE\Semester 1\Gameplay Programming\Github\2DAE-GPPChessEngine_Luan\ChessEngine_Luan\Test.h(898,17): warning C5033: 'register' is no longer a supported storage class
C:\.School\.Howest\2DAE\Semester 1\Gameplay Programming\Github\2DAE-GPPChessEngine_Luan\ChessEngine_Luan\Test.h(931,71): warning C4554: '<<': check operator precedence for possible error; use parentheses to clarify precedence
C:\.School\.Howest\2DAE\Semester 1\Gameplay Programming\Github\2DAE-GPPChessEngine_Luan\ChessEngine_Luan\Test.h(932,75): warning C4554: '<<': check operator precedence for possible error; use parentheses to clarify precedence
C:\.School\.Howest\2DAE\Semester 1\Gameplay Programming\Github\2DAE-GPPChessEngine_Luan\ChessEngine_Luan\Test.h(810,1): warning C4102: 'ep_Captures2': unreferenced label
C:\.School\.Howest\2DAE\Semester 1\Gameplay Programming\Github\2DAE-GPPChessEngine_Luan\ChessEngine_Luan\Test.h(822,1): warning C4102: 'Regular_Moves2': unreferenced label
C:\.School\.Howest\2DAE\Semester 1\Gameplay Programming\Github\2DAE-GPPChessEngine_Luan\ChessEngine_Luan\Test.h(671,9): warning C4101: 'savsp': unreferenced local variable
C:\.School\.Howest\2DAE\Semester 1\Gameplay Programming\Github\2DAE-GPPChessEngine_Luan\ChessEngine_Luan\Test.h(671,22): warning C4101: 'new1': unreferenced local variable
C:\.School\.Howest\2DAE\Semester 1\Gameplay Programming\Github\2DAE-GPPChessEngine_Luan\ChessEngine_Luan\Test.h(670,33): warning C4101: 'r': unreferenced local variable
C:\.School\.Howest\2DAE\Semester 1\Gameplay Programming\Github\2DAE-GPPChessEngine_Luan\ChessEngine_Luan\Test.h(1090,12): warning C4101: 'j': unreferenced local variable
C:\.School\.Howest\2DAE\Semester 1\Gameplay Programming\Github\2DAE-GPPChessEngine_Luan\ChessEngine_Luan\Test.h(1163,39): warning C4554: '>>': check operator precedence for possible error; use parentheses to clarify precedence
C:\.School\.Howest\2DAE\Semester 1\Gameplay Programming\Github\2DAE-GPPChessEngine_Luan\ChessEngine_Luan\Test.h(1126,18): warning C4101: 'm': unreferenced local variable
C:\.School\.Howest\2DAE\Semester 1\Gameplay Programming\Github\2DAE-GPPChessEngine_Luan\ChessEngine_Luan\Test.h(1126,27): warning C4101: 'v': unreferenced local variable
C:\.School\.Howest\2DAE\Semester 1\Gameplay Programming\Github\2DAE-GPPChessEngine_Luan\ChessEngine_Luan\Test.h(1126,15): warning C4101: 'k': unreferenced local variable
C:\.School\.Howest\2DAE\Semester 1\Gameplay Programming\Github\2DAE-GPPChessEngine_Luan\ChessEngine_Luan\Test.h(1126,46): warning C4101: 'store': unreferenced local variable
C:\.School\.Howest\2DAE\Semester 1\Gameplay Programming\Github\2DAE-GPPChessEngine_Luan\ChessEngine_Luan\Test.h(1129,44): warning C4101: 'lkm': unreferenced local variable
C:\.School\.Howest\2DAE\Semester 1\Gameplay Programming\Github\2DAE-GPPChessEngine_Luan\ChessEngine_Luan\Test.h(1128,15): warning C4101: 'vicnr': unreferenced local variable
C:\.School\.Howest\2DAE\Semester 1\Gameplay Programming\Github\2DAE-GPPChessEngine_Luan\ChessEngine_Luan\Test.h(1126,33): warning C4101: 'p': unreferenced local variable
C:\.School\.Howest\2DAE\Semester 1\Gameplay Programming\Github\2DAE-GPPChessEngine_Luan\ChessEngine_Luan\Test.h(1126,24): warning C4101: 'y': unreferenced local variable
C:\.School\.Howest\2DAE\Semester 1\Gameplay Programming\Github\2DAE-GPPChessEngine_Luan\ChessEngine_Luan\Test.h(1129,38): warning C4101: 'lep2': unreferenced local variable
C:\.School\.Howest\2DAE\Semester 1\Gameplay Programming\Github\2DAE-GPPChessEngine_Luan\ChessEngine_Luan\Test.h(1130,42): warning C4101: 'SavCnt': unreferenced local variable
C:\.School\.Howest\2DAE\Semester 1\Gameplay Programming\Github\2DAE-GPPChessEngine_Luan\ChessEngine_Luan\Test.h(1127,36): warning C4101: 'pred': unreferenced local variable
C:\.School\.Howest\2DAE\Semester 1\Gameplay Programming\Github\2DAE-GPPChessEngine_Luan\ChessEngine_Luan\Test.h(1126,21): warning C4101: 'x': unreferenced local variable
C:\.School\.Howest\2DAE\Semester 1\Gameplay Programming\Github\2DAE-GPPChessEngine_Luan\ChessEngine_Luan\Test.h(1128,9): warning C4101: 'pcnr': unreferenced local variable
C:\.School\.Howest\2DAE\Semester 1\Gameplay Programming\Github\2DAE-GPPChessEngine_Luan\ChessEngine_Luan\Test.h(1126,53): warning C4101: 'myCount': unreferenced local variable
C:\.School\.Howest\2DAE\Semester 1\Gameplay Programming\Github\2DAE-GPPChessEngine_Luan\ChessEngine_Luan\Test.h(1131,20): warning C4101: 'Bucket': unreferenced local variable
C:\.School\.Howest\2DAE\Semester 1\Gameplay Programming\Github\2DAE-GPPChessEngine_Luan\ChessEngine_Luan\Test.h(1129,49): warning C4101: 'flag': unreferenced local variable
C:\.School\.Howest\2DAE\Semester 1\Gameplay Programming\Github\2DAE-GPPChessEngine_Luan\ChessEngine_Luan\Test.h(1129,32): warning C4101: 'lep1': unreferenced local variable
C:\.School\.Howest\2DAE\Semester 1\Gameplay Programming\Github\2DAE-GPPChessEngine_Luan\ChessEngine_Luan\Test.h(1127,42): warning C4101: 'succ': unreferenced local variable
C:\.School\.Howest\2DAE\Semester 1\Gameplay Programming\Github\2DAE-GPPChessEngine_Luan\ChessEngine_Luan\Test.h(1271,29): warning C4554: '&': check operator precedence for possible error; use parentheses to clarify precedence
C:\.School\.Howest\2DAE\Semester 1\Gameplay Programming\Github\2DAE-GPPChessEngine_Luan\ChessEngine_Luan\Test.h(1308,43): warning C4554: '>>': check operator precedence for possible error; use parentheses to clarify precedence
C:\.School\.Howest\2DAE\Semester 1\Gameplay Programming\Github\2DAE-GPPChessEngine_Luan\ChessEngine_Luan\Test.h(1409,52): warning C4244: '=': conversion from 'unsigned __int64' to 'unsigned int', possible loss of data
C:\.School\.Howest\2DAE\Semester 1\Gameplay Programming\Github\2DAE-GPPChessEngine_Luan\ChessEngine_Luan\Test.h(1488,46): warning C4554: '>>': check operator precedence for possible error; use parentheses to clarify precedence
C:\.School\.Howest\2DAE\Semester 1\Gameplay Programming\Github\2DAE-GPPChessEngine_Luan\ChessEngine_Luan\Test.h(1489,47): warning C4554: '>>': check operator precedence for possible error; use parentheses to clarify precedence
C:\.School\.Howest\2DAE\Semester 1\Gameplay Programming\Github\2DAE-GPPChessEngine_Luan\ChessEngine_Luan\Test.h(1491,46): warning C4554: '>>': check operator precedence for possible error; use parentheses to clarify precedence
C:\.School\.Howest\2DAE\Semester 1\Gameplay Programming\Github\2DAE-GPPChessEngine_Luan\ChessEngine_Luan\Test.h(1493,46): warning C4554: '>>': check operator precedence for possible error; use parentheses to clarify precedence
C:\.School\.Howest\2DAE\Semester 1\Gameplay Programming\Github\2DAE-GPPChessEngine_Luan\ChessEngine_Luan\Test.h(1494,47): warning C4554: '>>': check operator precedence for possible error; use parentheses to clarify precedence
C:\.School\.Howest\2DAE\Semester 1\Gameplay Programming\Github\2DAE-GPPChessEngine_Luan\ChessEngine_Luan\Test.h(1496,46): warning C4554: '>>': check operator precedence for possible error; use parentheses to clarify precedence
C:\.School\.Howest\2DAE\Semester 1\Gameplay Programming\Github\2DAE-GPPChessEngine_Luan\ChessEngine_Luan\Test.h(1252,18): warning C4101: 'm': unreferenced local variable
C:\.School\.Howest\2DAE\Semester 1\Gameplay Programming\Github\2DAE-GPPChessEngine_Luan\ChessEngine_Luan\Test.h(1252,27): warning C4101: 'v': unreferenced local variable
C:\.School\.Howest\2DAE\Semester 1\Gameplay Programming\Github\2DAE-GPPChessEngine_Luan\ChessEngine_Luan\Test.h(1252,15): warning C4101: 'k': unreferenced local variable
C:\.School\.Howest\2DAE\Semester 1\Gameplay Programming\Github\2DAE-GPPChessEngine_Luan\ChessEngine_Luan\Test.h(1254,15): warning C4101: 'vicnr': unreferenced local variable
C:\.School\.Howest\2DAE\Semester 1\Gameplay Programming\Github\2DAE-GPPChessEngine_Luan\ChessEngine_Luan\Test.h(1252,33): warning C4101: 'p': unreferenced local variable
C:\.School\.Howest\2DAE\Semester 1\Gameplay Programming\Github\2DAE-GPPChessEngine_Luan\ChessEngine_Luan\Test.h(1252,24): warning C4101: 'y': unreferenced local variable
C:\.School\.Howest\2DAE\Semester 1\Gameplay Programming\Github\2DAE-GPPChessEngine_Luan\ChessEngine_Luan\Test.h(1253,36): warning C4101: 'pred': unreferenced local variable
C:\.School\.Howest\2DAE\Semester 1\Gameplay Programming\Github\2DAE-GPPChessEngine_Luan\ChessEngine_Luan\Test.h(1252,21): warning C4101: 'x': unreferenced local variable
C:\.School\.Howest\2DAE\Semester 1\Gameplay Programming\Github\2DAE-GPPChessEngine_Luan\ChessEngine_Luan\Test.h(1254,9): warning C4101: 'pcnr': unreferenced local variable
C:\.School\.Howest\2DAE\Semester 1\Gameplay Programming\Github\2DAE-GPPChessEngine_Luan\ChessEngine_Luan\Test.h(1253,42): warning C4101: 'succ': unreferenced local variable
C:\.School\.Howest\2DAE\Semester 1\Gameplay Programming\Github\2DAE-GPPChessEngine_Luan\ChessEngine_Luan\Test.h(1510,15): warning C4101: 'k': unreferenced local variable
  DrawableChessBoard.cpp
  GameWinMain.cpp
  Generating Code...
  ChessEngine_Luan.vcxproj -> C:\.School\.Howest\2DAE\Semester 1\Gameplay Programming\Github\2DAE-GPPChessEngine_Luan\ChessEngine_Luan\x64\Debug\ChessEngine_Luan.exe
