c:\.school\.howest\2dae\semester 1\gameplay programming\github\2dae-gppchessengine_luan\chessengine_luan\x64\debug\vc143.pdb
c:\.school\.howest\2dae\semester 1\gameplay programming\github\2dae-gppchessengine_luan\chessengine_luan\x64\debug\vc143.idb
c:\.school\.howest\2dae\semester 1\gameplay programming\github\2dae-gppchessengine_luan\chessengine_luan\x64\debug\gamewinmain.obj
c:\.school\.howest\2dae\semester 1\gameplay programming\github\2dae-gppchessengine_luan\chessengine_luan\x64\debug\gameengine.obj
c:\.school\.howest\2dae\semester 1\gameplay programming\github\2dae-gppchessengine_luan\chessengine_luan\x64\debug\drawablechessboard.obj
c:\.school\.howest\2dae\semester 1\gameplay programming\github\2dae-gppchessengine_luan\chessengine_luan\x64\debug\chessengine.obj
c:\.school\.howest\2dae\semester 1\gameplay programming\github\2dae-gppchessengine_luan\chessengine_luan\x64\debug\chessboard.obj
c:\.school\.howest\2dae\semester 1\gameplay programming\github\2dae-gppchessengine_luan\chessengine_luan\x64\debug\abstractgame.obj
c:\.school\.howest\2dae\semester 1\gameplay programming\github\2dae-gppchessengine_luan\chessengine_luan\x64\debug\chessengine_luan.exe
c:\.school\.howest\2dae\semester 1\gameplay programming\github\2dae-gppchessengine_luan\chessengine_luan\x64\debug\chessengine_luan.ilk
c:\.school\.howest\2dae\semester 1\gameplay programming\github\2dae-gppchessengine_luan\chessengine_luan\x64\debug\chessengine_luan.pdb
c:\.school\.howest\2dae\semester 1\gameplay programming\github\2dae-gppchessengine_luan\chessengine_luan\x64\debug\chessengine.res
c:\.school\.howest\2dae\semester 1\gameplay programming\github\2dae-gppchessengine_luan\chessengine_luan\x64\debug\chessengine_luan.tlog\cl.command.1.tlog
c:\.school\.howest\2dae\semester 1\gameplay programming\github\2dae-gppchessengine_luan\chessengine_luan\x64\debug\chessengine_luan.tlog\cl.items.tlog
c:\.school\.howest\2dae\semester 1\gameplay programming\github\2dae-gppchessengine_luan\chessengine_luan\x64\debug\chessengine_luan.tlog\cl.read.1.tlog
c:\.school\.howest\2dae\semester 1\gameplay programming\github\2dae-gppchessengine_luan\chessengine_luan\x64\debug\chessengine_luan.tlog\cl.write.1.tlog
c:\.school\.howest\2dae\semester 1\gameplay programming\github\2dae-gppchessengine_luan\chessengine_luan\x64\debug\chessengine_luan.tlog\link.command.1.tlog
c:\.school\.howest\2dae\semester 1\gameplay programming\github\2dae-gppchessengine_luan\chessengine_luan\x64\debug\chessengine_luan.tlog\link.read.1.tlog
c:\.school\.howest\2dae\semester 1\gameplay programming\github\2dae-gppchessengine_luan\chessengine_luan\x64\debug\chessengine_luan.tlog\link.write.1.tlog
c:\.school\.howest\2dae\semester 1\gameplay programming\github\2dae-gppchessengine_luan\chessengine_luan\x64\debug\chessengine_luan.tlog\rc.command.1.tlog
c:\.school\.howest\2dae\semester 1\gameplay programming\github\2dae-gppchessengine_luan\chessengine_luan\x64\debug\chessengine_luan.tlog\rc.read.1.tlog
c:\.school\.howest\2dae\semester 1\gameplay programming\github\2dae-gppchessengine_luan\chessengine_luan\x64\debug\chessengine_luan.tlog\rc.write.1.tlog
